date: 2014-04-22 17:40:38.947
argv: d:\Program Files\nodejs\node.exe c:\Users\Saber\AppData\Roaming\npm\node_modules\hexo\bin\hexo generate
os: Windows_NT 6.2.9200 win32 x64
version:
  hexo: 2.4.5
  http_parser: 1.0
  node: 0.10.25
  v8: 3.14.5.9
  ares: 1.9.0-DEV
  uv: 0.10.23
  zlib: 1.2.3
  modules: 11
  openssl: 1.0.1e
---

[debug] 17:40:37.778 Configuration file load successfully
[debug] 17:40:37.783 Version info checked successfully
[debug] 17:40:37.842 Loading database.
[debug] 17:40:37.918 Plugin loaded successfully: hexo-generator-feed
[debug] 17:40:37.944 Plugin loaded successfully: hexo-generator-sitemap
[debug] 17:40:37.948 Script load successfully: fancybox.js
[debug] 17:40:38.063 Theme layout loaded
[debug] 17:40:38.079 Theme configuration loaded
[debug] 17:40:38.263 Theme source loaded
[debug] 17:40:38.274 Theme language files loaded
[debug] 17:40:38.395 Processed: _posts/vagrant-using.md
[debug] 17:40:38.465 Cache saved
[info] 17:40:38.515 Files loaded in 0.565s
[debug] 17:40:38.574 Render archive: archives/
[debug] 17:40:38.575 Render archive: archives/2014/
[debug] 17:40:38.575 Render archive: archives/2014/03/
[debug] 17:40:38.575 Render index: 
[debug] 17:40:38.575 Render post: 2014/03/28/vagrant-using/
[error] 17:40:38.694 Error: ENOENT, open 'f:\github\superalsrk.github.com\themes\jacman\source\img\author.jpg'
Error: ENOENT, open 'f:\github\superalsrk.github.com\themes\jacman\source\img\author.jpg'
